<?xml version="1.0" encoding="UTF-8"?>
<!-- Generated by org.testng.reporters.JUnitReportReporter -->
<testsuite hostname="SHARLETRAJAN-PC" failures="0" tests="1" name="TestNGAmzn.NewTestAmzn" time="160.385" errors="0" timestamp="2022-02-09T17:39:12 IST" skipped="0">
  <testcase classname="TestNGAmzn.NewTestAmzn" name="f" time="160.385"/>
  <system-out/>
</testsuite> <!-- TestNGAmzn.NewTestAmzn -->
